2025-04-30 19:42:42,461 - root - INFO - Starting review for rating 4, current time: 2025-04-30 18:42:42.461390+00:00
2025-04-30 19:42:42,463 - root - INFO - Initial card state: stability=0.1, difficulty=0.3, state=1
2025-04-30 19:45:52,690 - root - INFO - Starting review for rating 4, current time: 2025-04-30 18:45:52.690769+00:00
2025-04-30 19:45:52,693 - root - INFO - Initial card state: stability=0.1, difficulty=0.3, state=1
2025-04-30 19:45:52,693 - root - INFO - Initial due date: 2025-04-30 00:00:00+00:00
2025-04-30 19:45:52,693 - root - INFO - After FSRS: stability=0.1, difficulty=0.3, state=1, due=2025-04-30 00:00:00+00:00
2025-04-30 19:45:52,693 - root - INFO - Calculated next review: interval=2 days, next date=2025-05-02 18:45:52.690769
2025-04-30 19:45:52,693 - root - INFO - Final values: stability=3.0, interval=2, is_lapse=False
2025-04-30 19:45:55,169 - root - INFO - Starting review for rating 4, current time: 2025-04-30 18:45:55.169228+00:00
2025-04-30 19:45:55,170 - root - INFO - Initial card state: stability=0.1, difficulty=0.3, state=1
2025-04-30 19:45:55,170 - root - INFO - Initial due date: 2025-04-30 00:00:00+00:00
2025-04-30 19:45:55,170 - root - INFO - After FSRS: stability=0.1, difficulty=0.3, state=1, due=2025-04-30 00:00:00+00:00
2025-04-30 19:45:55,170 - root - INFO - Calculated next review: interval=2 days, next date=2025-05-02 18:45:55.169228
2025-04-30 19:45:55,170 - root - INFO - Final values: stability=3.0, interval=2, is_lapse=False
2025-04-30 19:46:06,569 - root - INFO - Starting review for rating 3, current time: 2025-04-30 18:46:06.569197+00:00
2025-04-30 19:46:06,570 - root - INFO - Initial card state: stability=0.1, difficulty=0.3, state=1
2025-04-30 19:46:06,570 - root - INFO - Initial due date: 2025-04-30 00:00:00+00:00
2025-04-30 19:46:06,570 - root - INFO - After FSRS: stability=0.1, difficulty=0.3, state=1, due=2025-04-30 00:00:00+00:00
2025-04-30 19:46:06,570 - root - INFO - Calculated next review: interval=1 days, next date=2025-05-01 18:46:06.569197
2025-04-30 19:46:06,570 - root - INFO - Final values: stability=2.5, interval=1, is_lapse=False
2025-04-30 19:46:08,514 - root - INFO - Starting review for rating 1, current time: 2025-04-30 18:46:08.514495+00:00
2025-04-30 19:46:08,516 - root - INFO - Initial card state: stability=0.1, difficulty=0.3, state=1
2025-04-30 19:46:08,516 - root - INFO - Initial due date: 2025-04-30 00:00:00+00:00
2025-04-30 19:46:08,516 - root - INFO - After FSRS: stability=0.1, difficulty=0.3, state=1, due=2025-04-30 00:00:00+00:00
2025-04-30 19:46:08,516 - root - INFO - Calculated next review: interval=1 days, next date=2025-05-01 18:46:08.514495
2025-04-30 19:46:08,516 - root - INFO - Final values: stability=0.1, interval=1, is_lapse=True
2025-04-30 19:46:10,672 - root - INFO - Starting review for rating 1, current time: 2025-04-30 18:46:10.672538+00:00
2025-04-30 19:46:10,674 - root - INFO - Initial card state: stability=0.1, difficulty=0.3, state=1
2025-04-30 19:46:10,674 - root - INFO - Initial due date: 2025-04-30 00:00:00+00:00
2025-04-30 19:46:10,674 - root - INFO - After FSRS: stability=0.1, difficulty=0.3, state=1, due=2025-04-30 00:00:00+00:00
2025-04-30 19:46:10,674 - root - INFO - Calculated next review: interval=1 days, next date=2025-05-01 18:46:10.672538
2025-04-30 19:46:10,674 - root - INFO - Final values: stability=0.1, interval=1, is_lapse=True
